<?xml version="1.0" encoding="UTF-8"?>
<!-- Generated by org.testng.reporters.JUnitReportReporter -->
<testsuite hostname="ASDP1727PO02529" name="restassuredtest.RestAssuredTestNGTestV2" tests="7" failures="0" timestamp="17 Jul 2017 06:25:05 GMT" time="4.688" errors="0">
  <testcase name="testForAddingNewPlayer_v2" time="0.202" classname="restassuredtest.RestAssuredTestNGTestV2"/>
  <testcase name="testForNewBoard_v2" time="0.123" classname="restassuredtest.RestAssuredTestNGTestV2"/>
  <testcase name="testForGetDetailsOfBoardById_v2" time="0.199" classname="restassuredtest.RestAssuredTestNGTestV2"/>
  <testcase name="getListOfBoard_v2" time="2.335" classname="restassuredtest.RestAssuredTestNGTestV2"/>
  <testcase name="movePlayer_v2" time="1.063" classname="restassuredtest.RestAssuredTestNGTestV2"/>
  <testcase name="testForDestroyBoard_v2" time="0.189" classname="restassuredtest.RestAssuredTestNGTestV2"/>
  <testcase name="updatingPlayer_v2" time="0.577" classname="restassuredtest.RestAssuredTestNGTestV2"/>
</testsuite> <!-- restassuredtest.RestAssuredTestNGTestV2 -->
