<?xml version="1.0" encoding="UTF-8"?>
<!-- Generated by org.testng.reporters.JUnitReportReporter -->
<testsuite hostname="ASDP1727PO02529" name="restassuredtest.RestAssuredTestNGTestV3" tests="1" failures="0" timestamp="17 Jul 2017 06:36:08 GMT" time="3.068" errors="0">
  <testcase name="getListOfBoard_v3" time="3.068" classname="restassuredtest.RestAssuredTestNGTestV3"/>
</testsuite> <!-- restassuredtest.RestAssuredTestNGTestV3 -->
