<?xml version="1.0" encoding="UTF-8"?>
<!-- Generated by org.testng.reporters.JUnitReportReporter -->
<testsuite hostname="ASDP1727PO02529" name="restassuredtest.RestAssuredTestNGTest" tests="8" failures="0" timestamp="17 Jul 2017 06:25:25 GMT" time="4.469" errors="0">
  <testcase name="updatingPlayer" time="0.328" classname="restassuredtest.RestAssuredTestNGTest"/>
  <testcase name="getListOfBoard" time="1.162" classname="restassuredtest.RestAssuredTestNGTest"/>
  <testcase name="movePlayer" time="0.887" classname="restassuredtest.RestAssuredTestNGTest"/>
  <testcase name="testForAddingNewPlayer" time="0.234" classname="restassuredtest.RestAssuredTestNGTest"/>
  <testcase name="checkLink" time="1.336" classname="restassuredtest.RestAssuredTestNGTest"/>
  <testcase name="testForNewBoard" time="0.069" classname="restassuredtest.RestAssuredTestNGTest"/>
  <testcase name="testForDestroyBoard" time="0.258" classname="restassuredtest.RestAssuredTestNGTest"/>
  <testcase name="testForGetDetailsOfBoardById" time="0.195" classname="restassuredtest.RestAssuredTestNGTest"/>
</testsuite> <!-- restassuredtest.RestAssuredTestNGTest -->
